2.3805 	ERROR 	avbin.dll failed to load. Try importing psychopy.visual
  as the first library (before anything that uses scipy)
  and make sure that avbin is installed.
20.7091 	WARNING 	User requested fullscreen with size [800 600], but screen is actually [1280, 960]. Using actual size
0.0003 	DATA 	START
5.8096 	DATA 	Keypress: 5
5.8101 	DATA 	Keypress: 5
5.9992 	DATA 	Keypress: 5
6.0089 	DATA 	Displaying Round 1 label
7.9992 	DATA 	Keypress: 5
8.0411 	DATA 	Starting Round 1
9.2592 	DATA 	round 1 - trial 0 - throw: 1to3 - FBALL
9.9993 	DATA 	Keypress: 5
12.4821 	DATA 	Keypress: 5
12.6815 	DATA 	round 1 - trial 1 - throw: 3to2 - FBALL
13.9466 	DATA 	PLAYER HAS BALL
13.9993 	DATA 	Keypress: 5
14.9252 	DATA 	Keypress: 2
14.9334 	DATA 	PLAYER THROWS TO 3 - RT 0.9867
14.9334 	DATA 	round 1 - trial 2 - throw: 2to3 - FBALL
15.9993 	DATA 	Keypress: 5
18.8577 	DATA 	Keypress: 5
19.0571 	DATA 	round 1 - trial 3 - throw: 3to1 - FBALL
19.9992 	DATA 	Keypress: 5
23.2801 	DATA 	Keypress: 5
23.4795 	DATA 	round 1 - trial 4 - throw: 1to3 - FBALL
23.9993 	DATA 	Keypress: 5
26.7023 	DATA 	Keypress: 5
26.9017 	DATA 	round 1 - trial 5 - throw: 3to1 - FBALL
27.9994 	DATA 	Keypress: 5
29.3395 	DATA 	round 1 - trial 6 - throw: 1to2 - FBALL
29.9994 	DATA 	Keypress: 5
30.6070 	DATA 	PLAYER HAS BALL
31.1622 	DATA 	Keypress: 1
31.1624 	DATA 	PLAYER THROWS TO 1 - RT 0.5554
31.1625 	DATA 	round 1 - trial 7 - throw: 2to1 - FBALL
31.9992 	DATA 	Keypress: 5
34.0780 	DATA 	Keypress: 5
34.2775 	DATA 	round 1 - trial 8 - throw: 1to3 - FBALL
36.5002 	DATA 	Keypress: 5
36.6996 	DATA 	round 1 - trial 9 - throw: 3to2 - FBALL
37.9686 	DATA 	PLAYER HAS BALL
37.9992 	DATA 	Keypress: 5
38.4223 	DATA 	Keypress: 1
38.4225 	DATA 	PLAYER THROWS TO 1 - RT 0.4538
38.4225 	DATA 	round 1 - trial 10 - throw: 2to1 - FBALL
40.3287 	DATA 	Keypress: 5
40.5281 	DATA 	round 1 - trial 11 - throw: 1to2 - FBALL
41.7975 	DATA 	PLAYER HAS BALL
41.9992 	DATA 	Keypress: 5
42.2222 	DATA 	Keypress: 2
42.2308 	DATA 	PLAYER THROWS TO 3 - RT 0.4332
42.2308 	DATA 	round 1 - trial 12 - throw: 2to3 - FBALL
43.3367 	DATA 	round 1 - trial 13 - throw: 3to2 - FBALL
43.9991 	DATA 	Keypress: 5
44.6004 	DATA 	PLAYER HAS BALL
44.7203 	DATA 	Keypress: 2
44.7212 	DATA 	PLAYER THROWS TO 3 - RT 0.1208
44.7212 	DATA 	round 1 - trial 14 - throw: 2to3 - FBALL
48.6265 	DATA 	Keypress: 5
48.6270 	DATA 	Keypress: 5
48.8259 	DATA 	round 1 - trial 15 - throw: 3to2 - FBALL
49.9992 	DATA 	Keypress: 5
50.0915 	DATA 	PLAYER HAS BALL
50.4342 	DATA 	Keypress: 1
50.4391 	DATA 	PLAYER THROWS TO 1 - RT 0.3476
50.4392 	DATA 	round 1 - trial 16 - throw: 2to1 - FBALL
51.5447 	DATA 	round 1 - trial 17 - throw: 1to2 - FBALL
51.9992 	DATA 	Keypress: 5
52.8094 	DATA 	PLAYER HAS BALL
53.2002 	DATA 	Keypress: 1
53.2022 	DATA 	PLAYER THROWS TO 1 - RT 0.3928
53.2023 	DATA 	round 1 - trial 18 - throw: 2to1 - FBALL
54.0008 	DATA 	Keypress: 5
55.3109 	DATA 	round 1 - trial 19 - throw: 1to3 - FBALL
55.9991 	DATA 	Keypress: 5
56.7330 	DATA 	round 1 - trial 20 - throw: 3to2 - FBALL
58.0006 	DATA 	PLAYER HAS BALL
58.0012 	DATA 	Keypress: 5
58.2204 	DATA 	Keypress: 2
58.2206 	DATA 	PLAYER THROWS TO 3 - RT 0.2199
58.2206 	DATA 	round 1 - trial 21 - throw: 2to3 - FBALL
60.1277 	DATA 	Keypress: 5
60.3271 	DATA 	round 1 - trial 22 - throw: 3to1 - FBALL
62.5498 	DATA 	Keypress: 5
62.7492 	DATA 	round 1 - trial 23 - throw: 1to3 - FBALL
63.9992 	DATA 	Keypress: 5
66.9721 	DATA 	Keypress: 5
67.1716 	DATA 	round 1 - trial 24 - throw: 3to2 - FBALL
67.9993 	DATA 	Keypress: 5
68.4707 	DATA 	PLAYER HAS BALL
68.9992 	DATA 	Keypress: 1
69.0048 	DATA 	PLAYER THROWS TO 1 - RT 0.5341
69.0049 	DATA 	round 1 - trial 25 - throw: 2to1 - FBALL
69.9991 	DATA 	Keypress: 5
71.1095 	DATA 	round 1 - trial 26 - throw: 1to3 - FBALL
71.9991 	DATA 	Keypress: 5
75.3324 	DATA 	Keypress: 5
75.5318 	DATA 	round 1 - trial 27 - throw: 3to1 - FBALL
75.9991 	DATA 	Keypress: 5
78.7546 	DATA 	Keypress: 5
78.9541 	DATA 	round 1 - trial 28 - throw: 1to2 - FBALL
79.9992 	DATA 	Keypress: 5
80.2174 	DATA 	PLAYER HAS BALL
80.5622 	DATA 	Keypress: 2
80.5672 	DATA 	PLAYER THROWS TO 3 - RT 0.3498
80.5673 	DATA 	round 1 - trial 29 - throw: 2to3 - FBALL
82.4737 	DATA 	Keypress: 5
82.6732 	DATA 	round 1 - trial 30 - throw: 3to2 - FBALL
83.9373 	DATA 	PLAYER HAS BALL
83.9991 	DATA 	Keypress: 5
84.1031 	DATA 	Keypress: 2
84.1141 	DATA 	PLAYER THROWS TO 3 - RT 0.1768
84.1141 	DATA 	round 1 - trial 31 - throw: 2to3 - FBALL
86.0210 	DATA 	Keypress: 5
86.2204 	DATA 	round 1 - trial 32 - throw: 3to1 - FBALL
88.4588 	DATA 	Keypress: 5
88.6582 	DATA 	round 1 - trial 33 - throw: 1to2 - FBALL
89.9226 	DATA 	PLAYER HAS BALL
89.9991 	DATA 	Keypress: 5
90.2342 	DATA 	Keypress: 1
90.2352 	DATA 	PLAYER THROWS TO 1 - RT 0.3126
90.2352 	DATA 	round 1 - trial 34 - throw: 2to1 - FBALL
94.1469 	DATA 	Keypress: 5
94.1474 	DATA 	Keypress: 5
94.3463 	DATA 	round 1 - trial 35 - throw: 1to3 - FBALL
95.7723 	DATA 	round 1 - trial 36 - throw: 3to1 - FBALL
95.9991 	DATA 	Keypress: 5
100.0068 	DATA 	Keypress: 5
100.0073 	DATA 	Keypress: 5
100.2063 	DATA 	round 1 - trial 37 - throw: 1to2 - FBALL
101.4725 	DATA 	PLAYER HAS BALL
101.7991 	DATA 	Keypress: 2
101.8054 	DATA 	PLAYER THROWS TO 3 - RT 0.3328
101.8054 	DATA 	round 1 - trial 38 - throw: 2to3 - FBALL
101.9992 	DATA 	Keypress: 5
105.7106 	DATA 	Keypress: 5
105.9100 	DATA 	round 1 - trial 39 - throw: 3to1 - FBALL
105.9991 	DATA 	Keypress: 5
109.1484 	DATA 	Keypress: 5
109.3479 	DATA 	round 1 - trial 40 - throw: 1to3 - FBALL
109.9990 	DATA 	Keypress: 5
111.7700 	DATA 	round 1 - trial 41 - throw: 3to1 - FBALL
111.9991 	DATA 	Keypress: 5
114.9930 	DATA 	Keypress: 5
115.1924 	DATA 	round 1 - trial 42 - throw: 1to3 - FBALL
115.9990 	DATA 	Keypress: 5
118.4307 	DATA 	Keypress: 5
120.4465 	DATA 	Keypress: 5
120.6460 	DATA 	Displaying Round 2 label
122.4623 	DATA 	Keypress: 5
122.6618 	DATA 	Starting Round 2
124.6657 	DATA 	Keypress: 5
124.8651 	DATA 	round 2 - trial 43 - throw: 1to3 - FBALL
125.9991 	DATA 	Keypress: 5
127.3029 	DATA 	round 2 - trial 44 - throw: 3to2 - FBALL
128.0095 	DATA 	Keypress: 5
128.5798 	DATA 	PLAYER HAS BALL
128.9201 	DATA 	Keypress: 2
128.9261 	DATA 	PLAYER THROWS TO 3 - RT 0.3463
128.9262 	DATA 	round 2 - trial 45 - throw: 2to3 - FBALL
129.9991 	DATA 	Keypress: 5
132.8384 	DATA 	Keypress: 5
133.0379 	DATA 	round 2 - trial 46 - throw: 3to1 - FBALL
133.9990 	DATA 	Keypress: 5
136.2613 	DATA 	Keypress: 5
136.4601 	DATA 	round 2 - trial 47 - throw: 1to2 - FBALL
137.7249 	DATA 	PLAYER HAS BALL
137.8721 	DATA 	Keypress: 1
137.8763 	DATA 	PLAYER THROWS TO 1 - RT 0.1513
137.8763 	DATA 	round 2 - trial 48 - throw: 2to1 - FBALL
138.0193 	DATA 	Keypress: 5
140.8009 	DATA 	Keypress: 5
141.0004 	DATA 	round 2 - trial 49 - throw: 1to2 - FBALL
141.9992 	DATA 	Keypress: 5
142.2644 	DATA 	PLAYER HAS BALL
142.4181 	DATA 	Keypress: 1
142.4258 	DATA 	PLAYER THROWS TO 1 - RT 0.1613
142.4258 	DATA 	round 2 - trial 50 - throw: 2to1 - FBALL
143.5315 	DATA 	round 2 - trial 51 - throw: 1to2 - FBALL
143.9992 	DATA 	Keypress: 5
144.7969 	DATA 	PLAYER HAS BALL
144.9320 	DATA 	Keypress: 1
144.9382 	DATA 	PLAYER THROWS TO 1 - RT 0.1412
144.9382 	DATA 	round 2 - trial 52 - throw: 2to1 - FBALL
145.9991 	DATA 	Keypress: 5
148.8562 	DATA 	Keypress: 5
149.0557 	DATA 	round 2 - trial 53 - throw: 1to3 - UBALL
149.9991 	DATA 	Keypress: 5
153.2941 	DATA 	Keypress: 5
153.4936 	DATA 	round 2 - trial 54 - throw: 3to1 - UBALL
153.9991 	DATA 	Keypress: 5
154.9163 	DATA 	round 2 - trial 55 - throw: 1to3 - UBALL
156.0029 	DATA 	Keypress: 5
157.3378 	DATA 	round 2 - trial 56 - throw: 3to1 - UBALL
157.9990 	DATA 	Keypress: 5
159.7599 	DATA 	round 2 - trial 57 - throw: 1to3 - UBALL
159.9990 	DATA 	Keypress: 5
162.9827 	DATA 	Keypress: 5
163.1821 	DATA 	round 2 - trial 58 - throw: 3to1 - UBALL
164.0000 	DATA 	Keypress: 5
167.4206 	DATA 	Keypress: 5
167.6201 	DATA 	round 2 - trial 59 - throw: 1to3 - UBALL
168.0145 	DATA 	Keypress: 5
169.1239 	DATA 	round 2 - trial 60 - throw: 3to1 - UBALL
170.0148 	DATA 	Keypress: 5
171.6518 	DATA 	round 2 - trial 61 - throw: 1to3 - UBALL
172.0150 	DATA 	Keypress: 5
175.9217 	DATA 	Keypress: 5
175.9990 	DATA 	Keypress: 5
176.1212 	DATA 	round 2 - trial 62 - throw: 3to1 - UBALL
177.5458 	DATA 	round 2 - trial 63 - throw: 1to3 - UBALL
177.9991 	DATA 	Keypress: 5
181.7971 	DATA 	Keypress: 5
181.9966 	DATA 	round 2 - trial 64 - throw: 3to1 - UBALL
182.0023 	DATA 	Keypress: 5
185.2194 	DATA 	Keypress: 5
185.4188 	DATA 	round 2 - trial 65 - throw: 1to3 - UBALL
185.9991 	DATA 	Keypress: 5
186.8414 	DATA 	round 2 - trial 66 - throw: 3to1 - UBALL
187.9991 	DATA 	Keypress: 5
190.0793 	DATA 	Keypress: 5
190.2788 	DATA 	round 2 - trial 67 - throw: 1to3 - UBALL
194.5173 	DATA 	Keypress: 5
194.5179 	DATA 	Keypress: 5
194.7167 	DATA 	round 2 - trial 68 - throw: 3to1 - UBALL
195.9990 	DATA 	Keypress: 5
197.1389 	DATA 	round 2 - trial 69 - throw: 1to3 - UBALL
197.9990 	DATA 	Keypress: 5
200.4085 	DATA 	Keypress: 5
200.6080 	DATA 	round 2 - trial 70 - throw: 3to1 - UBALL
201.9990 	DATA 	Keypress: 5
203.0301 	DATA 	round 2 - trial 71 - throw: 1to3 - UBALL
203.9990 	DATA 	Keypress: 5
206.2535 	DATA 	Keypress: 5
206.4523 	DATA 	round 2 - trial 72 - throw: 3to1 - UBALL
208.6750 	DATA 	Keypress: 5
208.8744 	DATA 	round 2 - trial 73 - throw: 1to3 - UBALL
209.9990 	DATA 	Keypress: 5
212.0972 	DATA 	Keypress: 5
212.2967 	DATA 	round 2 - trial 74 - throw: 3to1 - UBALL
214.5194 	DATA 	Keypress: 5
214.7188 	DATA 	round 2 - trial 75 - throw: 1to3 - UBALL
215.9989 	DATA 	Keypress: 5
217.1409 	DATA 	round 2 - trial 76 - throw: 3to1 - UBALL
217.9989 	DATA 	Keypress: 5
220.3794 	DATA 	Keypress: 5
220.5788 	DATA 	round 2 - trial 77 - throw: 1to3 - UBALL
221.9989 	DATA 	Keypress: 5
222.0006 	DATA 	round 2 - trial 78 - throw: 3to1 - UBALL
226.2237 	DATA 	Keypress: 5
226.2243 	DATA 	Keypress: 5
226.4232 	DATA 	round 2 - trial 79 - throw: 1to3 - UBALL
230.6617 	DATA 	Keypress: 5
230.6623 	DATA 	Keypress: 5
230.8612 	DATA 	round 2 - trial 80 - throw: 3to1 - UBALL
231.9989 	DATA 	Keypress: 5
235.0996 	DATA 	Keypress: 5
235.2991 	DATA 	Displaying Round 3 label
237.1155 	DATA 	Keypress: 5
237.3149 	DATA 	Starting Round 3
239.3189 	DATA 	Keypress: 5
239.5183 	DATA 	round 3 - trial 81 - throw: 1to2 - PBALL
240.0014 	DATA 	Keypress: 5
240.8027 	DATA 	PLAYER HAS BALL
240.8981 	DATA 	Keypress: 1
240.9037 	DATA 	PLAYER THROWS TO 1 - RT 0.1010
240.9038 	DATA 	round 3 - trial 82 - throw: 2to1 - PBALL
241.9990 	DATA 	Keypress: 5
242.0094 	DATA 	round 3 - trial 83 - throw: 1to2 - PBALL
243.2739 	DATA 	PLAYER HAS BALL
243.2840 	DATA 	Keypress: 1
243.2842 	DATA 	PLAYER THROWS TO 1 - RT 0.0103
243.2843 	DATA 	round 3 - trial 84 - throw: 2to1 - PBALL
243.9990 	DATA 	Keypress: 5
245.3939 	DATA 	round 3 - trial 85 - throw: 1to2 - PBALL
245.9989 	DATA 	Keypress: 5
246.6608 	DATA 	PLAYER HAS BALL
246.7629 	DATA 	Keypress: 1
246.7722 	DATA 	PLAYER THROWS TO 1 - RT 0.1113
246.7722 	DATA 	round 3 - trial 86 - throw: 2to1 - PBALL
250.6794 	DATA 	Keypress: 5
250.6800 	DATA 	Keypress: 5
250.8789 	DATA 	round 3 - trial 87 - throw: 1to2 - PBALL
251.9989 	DATA 	Keypress: 5
252.1433 	DATA 	PLAYER HAS BALL
252.2270 	DATA 	Keypress: 2
252.2345 	DATA 	PLAYER THROWS TO 3 - RT 0.0912
252.2345 	DATA 	round 3 - trial 88 - throw: 2to3 - PBALL
254.1485 	DATA 	Keypress: 5
254.3480 	DATA 	round 3 - trial 89 - throw: 3to2 - PBALL
255.6122 	DATA 	PLAYER HAS BALL
255.7209 	DATA 	Keypress: 2
255.7264 	DATA 	PLAYER THROWS TO 3 - RT 0.1142
255.7264 	DATA 	round 3 - trial 90 - throw: 2to3 - PBALL
255.9990 	DATA 	Keypress: 5
257.8327 	DATA 	round 3 - trial 91 - throw: 3to2 - PBALL
257.9993 	DATA 	Keypress: 5
259.0520 	DATA 	Keypress: 1
259.1124 	DATA 	PLAYER HAS BALL
259.1225 	DATA 	PLAYER THROWS TO 1 - RT 0.0101
259.1225 	DATA 	round 3 - trial 92 - throw: 2to1 - PBALL
259.9990 	DATA 	Keypress: 5
260.2283 	DATA 	round 3 - trial 93 - throw: 1to2 - PBALL
261.4429 	DATA 	Keypress: 2
261.4927 	DATA 	PLAYER HAS BALL
261.5028 	DATA 	PLAYER THROWS TO 3 - RT 0.0101
261.5029 	DATA 	round 3 - trial 94 - throw: 2to3 - PBALL
261.9989 	DATA 	Keypress: 5
264.4153 	DATA 	Keypress: 5
264.6147 	DATA 	round 3 - trial 95 - throw: 3to2 - PBALL
265.8190 	DATA 	Keypress: 2
265.8793 	DATA 	PLAYER HAS BALL
265.8895 	DATA 	PLAYER THROWS TO 3 - RT 0.0101
265.8895 	DATA 	round 3 - trial 96 - throw: 2to3 - PBALL
265.9987 	DATA 	Keypress: 5
269.8065 	DATA 	Keypress: 5
269.9979 	DATA 	Keypress: 5
270.0090 	DATA 	round 3 - trial 97 - throw: 3to2 - PBALL
271.2199 	DATA 	Keypress: 2
271.2731 	DATA 	PLAYER HAS BALL
271.2833 	DATA 	PLAYER THROWS TO 3 - RT 0.0101
271.2833 	DATA 	round 3 - trial 98 - throw: 2to3 - PBALL
271.9979 	DATA 	Keypress: 5
272.4015 	DATA 	round 3 - trial 99 - throw: 3to2 - PBALL
273.5849 	DATA 	Keypress: 1
273.6653 	DATA 	PLAYER HAS BALL
273.6754 	DATA 	PLAYER THROWS TO 1 - RT 0.0101
273.6755 	DATA 	round 3 - trial 100 - throw: 2to1 - PBALL
274.0004 	DATA 	Keypress: 5
274.7825 	DATA 	round 3 - trial 101 - throw: 1to2 - PBALL
275.9979 	DATA 	Keypress: 5
276.0462 	DATA 	PLAYER HAS BALL
276.0950 	DATA 	Keypress: 1
276.0968 	DATA 	PLAYER THROWS TO 1 - RT 0.0506
276.0969 	DATA 	round 3 - trial 102 - throw: 2to1 - PBALL
280.0106 	DATA 	Keypress: 5
280.0111 	DATA 	Keypress: 5
280.2101 	DATA 	round 3 - trial 103 - throw: 1to2 - PBALL
281.4119 	DATA 	Keypress: 2
281.4742 	DATA 	PLAYER HAS BALL
281.4844 	DATA 	PLAYER THROWS TO 3 - RT 0.0101
281.4844 	DATA 	round 3 - trial 104 - throw: 2to3 - PBALL
281.9979 	DATA 	Keypress: 5
282.5906 	DATA 	round 3 - trial 105 - throw: 3to2 - PBALL
283.7849 	DATA 	Keypress: 2
283.8554 	DATA 	PLAYER HAS BALL
283.8655 	DATA 	PLAYER THROWS TO 3 - RT 0.0101
283.8656 	DATA 	round 3 - trial 106 - throw: 2to3 - PBALL
283.9979 	DATA 	Keypress: 5
284.9723 	DATA 	round 3 - trial 107 - throw: 3to2 - PBALL
285.9980 	DATA 	Keypress: 5
286.1228 	DATA 	Keypress: 2
286.2362 	DATA 	PLAYER HAS BALL
286.2528 	DATA 	PLAYER THROWS TO 3 - RT 0.0166
286.2528 	DATA 	round 3 - trial 108 - throw: 2to3 - PBALL
288.1685 	DATA 	Keypress: 5
288.3711 	DATA 	round 3 - trial 109 - throw: 3to2 - PBALL
289.5772 	DATA 	Keypress: 1
289.6583 	DATA 	PLAYER HAS BALL
289.6685 	DATA 	PLAYER THROWS TO 1 - RT 0.0102
289.6685 	DATA 	round 3 - trial 110 - throw: 2to1 - PBALL
289.9978 	DATA 	Keypress: 5
290.7756 	DATA 	round 3 - trial 111 - throw: 1to2 - PBALL
291.9978 	DATA 	Keypress: 5
292.0406 	DATA 	PLAYER HAS BALL
292.2799 	DATA 	Keypress: 1
292.2843 	DATA 	PLAYER THROWS TO 1 - RT 0.2437
292.2844 	DATA 	round 3 - trial 112 - throw: 2to1 - PBALL
294.2004 	DATA 	Keypress: 5
294.3998 	DATA 	round 3 - trial 113 - throw: 1to2 - PBALL
295.5870 	DATA 	Keypress: 1
295.6649 	DATA 	PLAYER HAS BALL
295.6751 	DATA 	PLAYER THROWS TO 1 - RT 0.0102
295.6751 	DATA 	round 3 - trial 114 - throw: 2to1 - PBALL
296.0001 	DATA 	Keypress: 5
297.7908 	DATA 	round 3 - trial 115 - throw: 1to2 - PBALL
297.9978 	DATA 	Keypress: 5
299.0039 	DATA 	Keypress: 2
299.0748 	DATA 	PLAYER HAS BALL
299.0850 	DATA 	PLAYER THROWS TO 3 - RT 0.0101
299.0850 	DATA 	round 3 - trial 116 - throw: 2to3 - PBALL
299.9980 	DATA 	Keypress: 5
301.9980 	DATA 	Keypress: 5
302.1975 	DATA 	round 3 - trial 117 - throw: 3to2 - PBALL
303.3379 	DATA 	Keypress: 2
303.4649 	DATA 	PLAYER HAS BALL
303.4751 	DATA 	PLAYER THROWS TO 3 - RT 0.0102
303.4752 	DATA 	round 3 - trial 118 - throw: 2to3 - PBALL
303.9979 	DATA 	Keypress: 5
304.5813 	DATA 	round 3 - trial 119 - throw: 3to2 - PBALL
305.7598 	DATA 	Keypress: 2
305.8574 	DATA 	PLAYER HAS BALL
305.8731 	DATA 	PLAYER THROWS TO 3 - RT 0.0157
305.8732 	DATA 	round 3 - trial 120 - throw: 2to3 - PBALL
305.9978 	DATA 	Keypress: 5
306.9910 	DATA 	round 3 - trial 121 - throw: 3to2 - PBALL
307.9979 	DATA 	Keypress: 5
308.2360 	DATA 	Keypress: 1
308.2569 	DATA 	PLAYER HAS BALL
308.2750 	DATA 	PLAYER THROWS TO 1 - RT 0.0181
308.2750 	DATA 	round 3 - trial 122 - throw: 2to1 - PBALL
310.2176 	DATA 	Keypress: 5
310.4171 	DATA 	round 3 - trial 123 - throw: 1to2 - PBALL
311.6448 	DATA 	Keypress: 1
311.6811 	DATA 	PLAYER HAS BALL
311.6913 	DATA 	PLAYER THROWS TO 1 - RT 0.0102
311.6913 	DATA 	round 3 - trial 124 - throw: 2to1 - PBALL
311.9979 	DATA 	Keypress: 5
313.8081 	DATA 	round 3 - trial 125 - throw: 1to2 - PBALL
313.9978 	DATA 	Keypress: 5
315.0658 	DATA 	Keypress: 1
315.0719 	DATA 	PLAYER HAS BALL
315.0821 	DATA 	PLAYER THROWS TO 1 - RT 0.0101
315.0821 	DATA 	round 3 - trial 126 - throw: 2to1 - PBALL
315.9979 	DATA 	Keypress: 5
317.1991 	DATA 	round 3 - trial 127 - throw: 1to2 - PBALL
317.9977 	DATA 	Keypress: 5
318.3809 	DATA 	Keypress: 2
318.4770 	DATA 	PLAYER HAS BALL
318.4872 	DATA 	PLAYER THROWS TO 3 - RT 0.0102
318.4872 	DATA 	round 3 - trial 128 - throw: 2to3 - PBALL
321.3993 	DATA 	Keypress: 5
321.5987 	DATA 	round 3 - trial 129 - throw: 3to2 - PBALL
321.9978 	DATA 	Keypress: 5
322.8621 	DATA 	PLAYER HAS BALL
323.1358 	DATA 	Keypress: 2
323.1453 	DATA 	PLAYER THROWS TO 3 - RT 0.2831
323.1453 	DATA 	round 3 - trial 130 - throw: 2to3 - PBALL
323.9979 	DATA 	Keypress: 5
325.2553 	DATA 	round 3 - trial 131 - throw: 3to2 - PBALL
325.9978 	DATA 	Keypress: 5
326.4418 	DATA 	Keypress: 1
326.5193 	DATA 	PLAYER HAS BALL
326.5295 	DATA 	PLAYER THROWS TO 1 - RT 0.0102
326.5295 	DATA 	round 3 - trial 132 - throw: 2to1 - PBALL
329.4470 	DATA 	Keypress: 5
329.6465 	DATA 	round 3 - trial 133 - throw: 1to2 - PBALL
329.9977 	DATA 	Keypress: 5
330.7468 	DATA 	Keypress: 2
330.9115 	DATA 	PLAYER HAS BALL
330.9217 	DATA 	PLAYER THROWS TO 3 - RT 0.0101
330.9217 	DATA 	round 3 - trial 134 - throw: 2to3 - PBALL
331.9979 	DATA 	Keypress: 5
333.0375 	DATA 	round 3 - trial 135 - throw: 3to2 - PBALL
333.9977 	DATA 	Keypress: 5
334.1038 	DATA 	Keypress: 2
334.3015 	DATA 	PLAYER HAS BALL
334.3117 	DATA 	PLAYER THROWS TO 3 - RT 0.0102
334.3117 	DATA 	round 3 - trial 136 - throw: 2to3 - PBALL
336.2290 	DATA 	Keypress: 5
336.4284 	DATA 	round 3 - trial 137 - throw: 3to2 - PBALL
337.5768 	DATA 	Keypress: 1
337.6921 	DATA 	PLAYER HAS BALL
337.7023 	DATA 	PLAYER THROWS TO 1 - RT 0.0102
337.7023 	DATA 	round 3 - trial 138 - throw: 2to1 - PBALL
337.9978 	DATA 	Keypress: 5
339.8194 	DATA 	round 3 - trial 139 - throw: 1to2 - PBALL
339.9979 	DATA 	Keypress: 5
341.0170 	DATA 	Keypress: 1
341.0834 	DATA 	PLAYER HAS BALL
341.0936 	DATA 	PLAYER THROWS TO 1 - RT 0.0102
341.0937 	DATA 	round 3 - trial 140 - throw: 2to1 - PBALL
341.9978 	DATA 	Keypress: 5
344.0110 	DATA 	Keypress: 5
344.2105 	DATA 	round 3 - trial 141 - throw: 1to2 - PBALL
345.3223 	DATA 	Keypress: 2
345.4759 	DATA 	PLAYER HAS BALL
345.4861 	DATA 	PLAYER THROWS TO 3 - RT 0.0102
345.4861 	DATA 	round 3 - trial 142 - throw: 2to3 - PBALL
345.9978 	DATA 	Keypress: 5
346.5924 	DATA 	round 3 - trial 143 - throw: 3to2 - PBALL
347.7548 	DATA 	Keypress: 1
